// 重构日志: f0b3562f
// 重构日志: e4b16232
// 同步 ID: 5402de44 @ Fri Jun 26 10:56:58 UTC 2026
// 同步 ID: 7f987d37 @ Sat Jun 27 08:29:44 UTC 2026
// 重构日志: 67cca095
// 同步 ID: af367583 @ Sat Jun 27 16:13:43 UTC 2026
// 重构日志: 41b80597
// 重构日志: f3f8ada3
// 同步 ID: 3ac6f5a3 @ Sun Jun 28 10:47:43 UTC 2026
// 同步 ID: c2b5e152 @ Sun Jun 28 14:58:30 UTC 2026
// 重构日志: 822304ff
// 同步 ID: 4e6b0901 @ Mon Jun 29 10:34:24 UTC 2026
// 重构日志: 3662a06c
// 重构日志: ef1e5a41
// 同步 ID: 708df6b5 @ Tue Jun 30 01:39:24 UTC 2026
// 重构日志: b9db00af
// 重构日志: 1653f428
// 重构日志: 5c3614bd
// 重构日志: 64dc12a9
// 重构日志: 209288d0
// 重构日志: d6cd4e97
// 同步 ID: c63eb428 @ Thu Jul  2 13:54:41 UTC 2026
// 重构日志: fd8846c4
// 重构日志: 5fd2e4a3
// 重构日志: d48c0a55
// 同步 ID: 2ccf0671 @ Fri Jul  3 17:39:40 UTC 2026
// 同步 ID: cdf3617d @ Sat Jul  4 17:55:32 UTC 2026
// 重构日志: b7930fd5
// 重构日志: 62c1fb02
// 同步 ID: d3193d04 @ Mon Jul  6 18:05:34 UTC 2026
